User admin accessed dashboard. Daily visits: 0
User admin accessed dashboard. Daily visits: 0
User admin accessed dashboard. Daily visits: 0
User admin accessed dashboard. Daily visits: 0
User admin accessed dashboard. Daily visits: 0
User admin accessed dashboard. Daily visits: 0
User admin accessed dashboard. Daily visits: 0
User admin accessed dashboard. Daily visits: 0
User admin accessed dashboard. Daily visits: 0
User admin accessed dashboard. Daily visits: 0
User admin accessed dashboard. Daily visits: 0
User admin accessed dashboard. Daily visits: 0
User admin accessed dashboard. Daily visits: 0
User admin accessed dashboard. Daily visits: 0
User admin accessed dashboard. Daily visits: 0
User admin accessed dashboard. Daily visits: 0
User admin accessed dashboard. Daily visits: 0
User admin accessed dashboard. Daily visits: 0
User admin accessed dashboard. Daily visits: 0
User admin accessed dashboard. Daily visits: 0
User admin accessed dashboard. Daily visits: 0
User admin accessed dashboard. Daily visits: 0
User admin accessed dashboard. Daily visits: 0
User admin accessed dashboard. Daily visits: 0
User admin accessed dashboard. Daily visits: 0
User admin accessed dashboard. Daily visits: 0
User admin accessed dashboard. Daily visits: 0
User admin accessed dashboard. Daily visits: 0
User admin accessed dashboard. Daily visits: 0
User admin accessed dashboard. Daily visits: 0, New patients: 0
User admin accessed dashboard. Daily visits: 0, New patients: 0
User admin accessed dashboard. Daily visits: 0, New patients: 0
User admin accessed dashboard. Daily visits: 0, New patients: 0
User admin accessed dashboard. Daily visits: 0, New patients: 0
User admin accessed dashboard. Daily visits: 0, New patients: 0
User admin accessed dashboard. Daily visits: 0, New patients: 0
User admin accessed dashboard. Daily visits: 0, New patients: 0
User admin accessed dashboard. Daily visits: 0, New patients: 0
User admin accessed dashboard. Daily visits: 0, New patients: 0
User admin accessed dashboard. Daily visits: 0, New patients: 0
User admin accessed dashboard. Daily visits: 0, New patients: 0
User admin accessed dashboard. Daily visits: 0, New patients: 0
User admin accessed dashboard. Daily visits: 0, New patients: 0
User admin accessed dashboard. Daily visits: 0, New patients: 0
User admin created medicine Sitramol
User admin accessed dashboard. Daily visits: 0, New patients: 0
User admin accessed dashboard. Daily visits: 0, New patients: 0
User admin accessed dashboard. Daily visits: 0, New patients: 0
User admin accessed dashboard. Daily visits: 0, New patients: 0
User admin accessed dashboard. Daily visits: 0, New patients: 0
User admin accessed dashboard. Daily visits: 0, New patients: 0
User admin accessed dashboard. Daily visits: 0, New patients: 0
User admin accessed dashboard. Daily visits: 0, New patients: 0
User admin accessed dashboard. Daily visits: 0, New patients: 0
User admin accessed dashboard. Daily visits: 0, New patients: 0
User admin accessed dashboard. Daily visits: 0, New patients: 0
User admin accessed dashboard. Daily visits: 0, New patients: 0
User admin accessed dashboard. Daily visits: 0, New patients: 0
User admin accessed dashboard. Daily visits: 0, New patients: 0
User admin accessed dashboard. Daily visits: 0, New patients: 0
User admin accessed dashboard. Daily visits: 0, New patients: 0
User admin accessed dashboard. Daily visits: 0, New patients: 0
User admin accessed dashboard. Daily visits: 0, New patients: 0
User admin accessed dashboard. Daily visits: 0, New patients: 0
User admin accessed dashboard. Daily visits: 0, New patients: 0
User admin accessed dashboard. Daily visits: 0, New patients: 0
User admin accessed dashboard. Daily visits: 0, New patients: 0
User admin created patient Xaydarov
User admin viewed patient 1
User admin accessed dashboard. Daily visits: 0, New patients: 1
User admin viewed patient 1
User admin created visit for patient 1
User admin accessed dashboard. Daily visits: 1, New patients: 1
User admin accessed dashboard. Daily visits: 1, New patients: 1
User admin accessed dashboard. Daily visits: 1, New patients: 1
User admin accessed dashboard. Daily visits: 1, New patients: 1
User admin accessed dashboard. Daily visits: 1, New patients: 1
User admin accessed dashboard. Daily visits: 1, New patients: 1
User admin accessed dashboard. Daily visits: 1, New patients: 1
User admin accessed dashboard. Daily visits: 1, New patients: 1
User admin created labtest for patient 1
User admin accessed dashboard. Daily visits: 1, New patients: 1
User admin accessed dashboard. Daily visits: 1, New patients: 1
User admin accessed dashboard. Daily visits: 1, New patients: 1
User admin accessed dashboard. Daily visits: 1, New patients: 1
User admin accessed dashboard. Daily visits: 1, New patients: 1
User admin accessed dashboard. Daily visits: 1, New patients: 1
User admin accessed dashboard. Daily visits: 1, New patients: 1
User admin accessed dashboard. Daily visits: 1, New patients: 1
User admin accessed dashboard. Daily visits: 1, New patients: 1
User admin accessed dashboard. Daily visits: 1, New patients: 1
User admin viewed patient 1
User admin accessed dashboard. Daily visits: 1, New patients: 1
User admin accessed dashboard. Daily visits: 1, New patients: 1
User admin accessed dashboard. Daily visits: 1, New patients: 1
User admin accessed dashboard. Daily visits: 1, New patients: 1
User admin accessed dashboard. Daily visits: 1, New patients: 1
User admin accessed dashboard. Daily visits: 1, New patients: 1
User admin accessed dashboard. Daily visits: 1, New patients: 1
User admin accessed dashboard. Daily visits: 1, New patients: 1
User admin accessed dashboard. Daily visits: 1, New patients: 1
User admin accessed dashboard. Daily visits: 1, New patients: 1
User admin accessed dashboard. Daily visits: 0, New patients: 0
User admin accessed dashboard. Daily visits: 0, New patients: 0
User admin created patient Xaydarov
User admin viewed patient 2
User admin created patient Xaydarov
User admin accessed dashboard. Daily visits: 0, New patients: 2
User admin created patient Xaydarov
User admin accessed dashboard. Daily visits: 0, New patients: 3
User admin updated patient 1
User admin updated patient 4
User admin accessed dashboard. Daily visits: 0, New patients: 3
User admin accessed dashboard. Daily visits: 0, New patients: 3
User admin updated patient 4
User admin updated visit 1
User admin accessed dashboard. Daily visits: 0, New patients: 3
User admin accessed dashboard. Daily visits: 0, New patients: 3
User admin updated doctor 1
User admin updated doctor 2
User admin updated doctor 1
User admin updated doctor 3
User admin updated doctor 4
User admin updated visit 1
User admin accessed dashboard. Daily visits: 0, New patients: 3
User admin created visit for patient 3
User admin accessed dashboard. Daily visits: 1, New patients: 0
User admin accessed dashboard. Daily visits: 1, New patients: 0
User admin accessed dashboard. Daily visits: 1, New patients: 0
User bandadev1 updated visit 2
User admin accessed dashboard. Daily visits: 1, New patients: 0
User bandadev1 updated visit 2
User admin accessed dashboard. Daily visits: 1, New patients: 0
User bandadev1 updated visit 2
User bandadev1 updated visit 2
User admin accessed dashboard. Daily visits: 1, New patients: 0
User bandadev1 updated visit 2
User bandadev1 updated visit 2
User bandadev1 updated visit 2
User bandadev1 updated visit 2
User bandadev1 updated visit 1
User admin updated visit 1
User admin accessed dashboard. Daily visits: 1, New patients: 0
User bandadev1 updated visit 2
User bandadev1 updated visit 2
User admin accessed dashboard. Daily visits: 1, New patients: 0
User admin accessed dashboard. Daily visits: 1, New patients: 0
User admin created visit for patient 3
User bandadev1 updated visit 3
User bandadev1 updated visit 1
User bandadev1 updated visit 1
User admin updated patient 1
User admin created patient Xaydarov
User admin created patient Xaydarov
User admin created patient Xaydarov
User admin viewed patient 7
User admin created labtest for patient 7
User admin created visit for patient 7
Admin admin accessed dashboard. Daily visits: 1, New patients: 1
User admin created medicine aaa
Admin admin accessed dashboard. Daily visits: 1, New patients: 1
Admin admin accessed dashboard. Daily visits: 0, New patients: 0
User admin viewed patient 7
Admin admin accessed dashboard. Daily visits: 0, New patients: 0
Admin admin accessed dashboard. Daily visits: 0, New patients: 0
Admin admin accessed dashboard. Daily visits: 0, New patients: 0
User admin created visit for patient 7
User bandadev1 updated visit 5
Admin admin accessed dashboard. Daily visits: 1, New patients: 0
Admin admin accessed dashboard. Daily visits: 1, New patients: 0
Admin admin accessed dashboard. Daily visits: 1, New patients: 0
User admin viewed patient 7
Admin admin accessed dashboard. Daily visits: 1, New patients: 0
Admin admin accessed dashboard. Daily visits: 1, New patients: 0
Admin admin accessed dashboard. Daily visits: 1, New patients: 0
Admin admin accessed dashboard. Daily visits: 3, New patients: 1
User admin viewed patient 8
Admin admin accessed dashboard. Daily visits: 3, New patients: 1
Admin admin accessed dashboard. Daily visits: 4, New patients: 2
Admin admin accessed dashboard. Daily visits: 0, New patients: 0
Admin bandadev accessed dashboard. Daily visits: 0, New patients: 0
Admin reception accessed dashboard. Daily visits: 0, New patients: 0
Admin admin accessed dashboard. Daily visits: 0, New patients: 0
Admin admin accessed dashboard. Daily visits: 0, New patients: 0
Admin admin accessed dashboard. Daily visits: 0, New patients: 0
Admin admin accessed dashboard. Daily visits: 0, New patients: 0
Admin admin accessed dashboard. Daily visits: 0, New patients: 0
Admin admin accessed dashboard. Daily visits: 0, New patients: 0
Admin admin accessed dashboard. Daily visits: 0, New patients: 0
Admin admin accessed dashboard. Daily visits: 0, New patients: 0
Admin admin accessed dashboard. Daily visits: 0, New patients: 0
Admin admin accessed dashboard. Daily visits: 0, New patients: 0
Admin admin accessed dashboard. Daily visits: 0, New patients: 0
Admin admin accessed dashboard. Daily visits: 0, New patients: 0
Admin admin accessed dashboard. Daily visits: 0, New patients: 0
Admin admin accessed dashboard. Daily visits: 0, New patients: 0
Admin admin accessed dashboard. Daily visits: 0, New patients: 0
Admin admin accessed dashboard. Daily visits: 0, New patients: 0
Admin admin accessed dashboard. Daily visits: 0, New patients: 0
Admin admin accessed dashboard. Daily visits: 0, New patients: 0
Admin admin accessed dashboard. Daily visits: 0, New patients: 0
Admin admin accessed dashboard. Daily visits: 0, New patients: 0
Admin admin accessed dashboard. Daily visits: 0, New patients: 0
Admin admin accessed dashboard. Daily visits: 0, New patients: 0
Admin admin accessed dashboard. Daily visits: 0, New patients: 0
Admin admin accessed dashboard. Daily visits: 0, New patients: 0
Admin admin accessed dashboard. Daily visits: 0, New patients: 0
Admin admin accessed dashboard. Daily visits: 0, New patients: 0
Admin admin accessed dashboard. Daily visits: 0, New patients: 0
Admin admin accessed dashboard. Daily visits: 0, New patients: 0
Admin admin accessed dashboard. Daily visits: 0, New patients: 0
Admin admin accessed dashboard. Daily visits: 0, New patients: 0
Admin admin accessed dashboard. Daily visits: 0, New patients: 0
Admin admin accessed dashboard. Daily visits: 0, New patients: 0
Admin admin accessed dashboard. Daily visits: 0, New patients: 0
Admin admin accessed dashboard. Daily visits: 0, New patients: 0
Admin admin accessed dashboard. Daily visits: 0, New patients: 0
Admin admin accessed dashboard. Daily visits: 0, New patients: 0
Admin admin accessed dashboard. Daily visits: 0, New patients: 0
Admin admin accessed dashboard. Daily visits: 0, New patients: 0
Admin admin accessed dashboard. Daily visits: 0, New patients: 0
Admin admin accessed dashboard. Daily visits: 0, New patients: 0
Admin admin accessed dashboard. Daily visits: 0, New patients: 0
Admin admin accessed dashboard. Daily visits: 0, New patients: 0
Admin admin accessed dashboard. Daily visits: 0, New patients: 0
